==== Secondary Structure Definition by the program DSSP, CMBI version 2.0                          ==== DATE=2024-01-10        .
REFERENCE W. KABSCH AND C.SANDER, BIOPOLYMERS 22 (1983) 2577-2637                                                              .
                                                                                                                               .
COMPND                                                                                                                         .
SOURCE                                                                                                                         .
AUTHOR                                                                                                                         .
   23  1  0  0  0 TOTAL NUMBER OF RESIDUES, NUMBER OF CHAINS, NUMBER OF SS-BRIDGES(TOTAL,INTRACHAIN,INTERCHAIN)                .
  2476.8   ACCESSIBLE SURFACE OF PROTEIN (ANGSTROM**2)                                                                         .
   19 82.6   TOTAL NUMBER OF HYDROGEN BONDS OF TYPE O(I)-->H-N(J)  , SAME NUMBER PER 100 RESIDUES                              .
    0  0.0   TOTAL NUMBER OF HYDROGEN BONDS IN     PARALLEL BRIDGES, SAME NUMBER PER 100 RESIDUES                              .
    0  0.0   TOTAL NUMBER OF HYDROGEN BONDS IN ANTIPARALLEL BRIDGES, SAME NUMBER PER 100 RESIDUES                              .
    0  0.0   TOTAL NUMBER OF HYDROGEN BONDS OF TYPE O(I)-->H-N(I-5), SAME NUMBER PER 100 RESIDUES                              .
    0  0.0   TOTAL NUMBER OF HYDROGEN BONDS OF TYPE O(I)-->H-N(I-4), SAME NUMBER PER 100 RESIDUES                              .
    0  0.0   TOTAL NUMBER OF HYDROGEN BONDS OF TYPE O(I)-->H-N(I-3), SAME NUMBER PER 100 RESIDUES                              .
    0  0.0   TOTAL NUMBER OF HYDROGEN BONDS OF TYPE O(I)-->H-N(I-2), SAME NUMBER PER 100 RESIDUES                              .
    0  0.0   TOTAL NUMBER OF HYDROGEN BONDS OF TYPE O(I)-->H-N(I-1), SAME NUMBER PER 100 RESIDUES                              .
    0  0.0   TOTAL NUMBER OF HYDROGEN BONDS OF TYPE O(I)-->H-N(I+0), SAME NUMBER PER 100 RESIDUES                              .
    0  0.0   TOTAL NUMBER OF HYDROGEN BONDS OF TYPE O(I)-->H-N(I+1), SAME NUMBER PER 100 RESIDUES                              .
    0  0.0   TOTAL NUMBER OF HYDROGEN BONDS OF TYPE O(I)-->H-N(I+2), SAME NUMBER PER 100 RESIDUES                              .
    1  4.3   TOTAL NUMBER OF HYDROGEN BONDS OF TYPE O(I)-->H-N(I+3), SAME NUMBER PER 100 RESIDUES                              .
   17 73.9   TOTAL NUMBER OF HYDROGEN BONDS OF TYPE O(I)-->H-N(I+4), SAME NUMBER PER 100 RESIDUES                              .
    1  4.3   TOTAL NUMBER OF HYDROGEN BONDS OF TYPE O(I)-->H-N(I+5), SAME NUMBER PER 100 RESIDUES                              .
  1  2  3  4  5  6  7  8  9 10 11 12 13 14 15 16 17 18 19 20 21 22 23 24 25 26 27 28 29 30     *** HISTOGRAMS OF ***           .
  0  0  0  0  0  0  0  0  0  0  0  0  0  0  0  0  0  1  0  0  0  0  0  0  0  0  0  0  0  0    RESIDUES PER ALPHA HELIX         .
  0  0  0  0  0  0  0  0  0  0  0  0  0  0  0  0  0  0  0  0  0  0  0  0  0  0  0  0  0  0    PARALLEL BRIDGES PER LADDER      .
  0  0  0  0  0  0  0  0  0  0  0  0  0  0  0  0  0  0  0  0  0  0  0  0  0  0  0  0  0  0    ANTIPARALLEL BRIDGES PER LADDER  .
  0  0  0  0  0  0  0  0  0  0  0  0  0  0  0  0  0  0  0  0  0  0  0  0  0  0  0  0  0  0    LADDERS PER SHEET                .
  #  RESIDUE AA STRUCTURE BP1 BP2  ACC     N-H-->O    O-->H-N    N-H-->O    O-->H-N    TCO  KAPPA ALPHA  PHI   PSI    X-CA   Y-CA   Z-CA            CHAIN
    1    1 A G     >        0   0   95      0, 0.0     4,-1.8     0, 0.0     5,-0.3   0.000 360.0 360.0 360.0  92.0   15.8    3.1   10.9               
    2    2 A I  T  4  +     0   0  167      1,-0.2     0, 0.0     2,-0.1     0, 0.0   0.118 360.0  52.3 -76.7  26.4   14.0    0.6    8.7               
    3    3 A G  T  > S+     0   0   47      3,-0.1     4,-2.0     2,-0.0    -1,-0.2   0.643 106.5  42.9-123.7 -47.2   13.5   -1.3   12.0               
    4    4 A K  H  > S+     0   0  170      2,-0.2     4,-3.0     1,-0.2     5,-0.2   0.918 112.5  55.5 -68.4 -43.5   11.9    1.0   14.4               
    5    5 A F  H  X S+     0   0  159     -4,-1.8     4,-3.1     1,-0.2    -1,-0.2   0.931 109.4  47.2 -52.7 -47.3    9.6    2.4   11.8               
    6    6 A L  H  > S+     0   0  118     -5,-0.3     4,-2.0     1,-0.2    -1,-0.2   0.904 108.6  55.6 -60.3 -41.0    8.4   -1.1   11.1               
    7    7 A H  H  X S+     0   0   91     -4,-2.0     4,-2.2     1,-0.2    -1,-0.2   0.926 110.2  45.2 -56.3 -45.7    8.1   -1.6   14.9               
    8    8 A S  H  X>S+     0   0   63     -4,-3.0     4,-2.5     1,-0.2     5,-0.8   0.935 103.9  62.9 -62.7 -46.3    5.8    1.4   15.0               
    9    9 A A  H  X5S+     0   0   47     -4,-3.1     4,-1.6    -5,-0.2    -1,-0.2   0.886 108.5  44.7 -43.9 -43.4    3.9    0.2   12.0               
   10   10 A K  H  X5S+     0   0  158     -4,-2.0     4,-3.0     2,-0.2     5,-0.2   1.000 118.0  39.3 -63.6 -70.4    3.0   -2.7   14.1               
   11   11 A K  H >X5S+     0   0  122     -4,-2.2     4,-2.6     1,-0.3     3,-0.5   0.942 120.0  45.4 -41.2 -69.6    2.1   -1.0   17.2               
   12   12 A F  H 3X5S+     0   0  150     -4,-2.5     4,-2.2     1,-0.3    -1,-0.3   0.869 111.6  57.4 -42.6 -40.6    0.4    1.9   15.4               
   13   13 A G  H 3X<S+     0   0   23     -4,-1.6     4,-3.1    -5,-0.8    -1,-0.3   0.949 104.8  48.1 -55.6 -51.8   -1.2   -0.9   13.4               
   14   14 A K  H <X S+     0   0  166     -4,-3.0     4,-2.9    -3,-0.5     5,-0.2   0.936 109.6  53.1 -53.7 -48.2   -2.7   -2.5   16.4               
   15   15 A A  H  X S+     0   0   58     -4,-2.6     4,-1.3     1,-0.2    -1,-0.3   0.869 109.9  49.6 -54.5 -36.5   -4.0    0.9   17.5               
   16   16 A F  H  X S+     0   0  117     -4,-2.2     4,-2.4    -5,-0.3     3,-0.3   0.929 107.2  52.9 -67.5 -45.0   -5.5    1.1   14.1               
   17   17 A V  H  X S+     0   0   80     -4,-3.1     4,-3.4     1,-0.3    -2,-0.2   0.904 108.1  52.1 -55.2 -42.0   -7.1   -2.3   14.4               
   18   18 A G  H  X S+     0   0   27     -4,-2.9     4,-2.8     1,-0.2    -1,-0.3   0.825 106.2  54.4 -63.5 -31.6   -8.5   -1.1   17.7               
   19   19 A E  H  < S+     0   0  126     -4,-1.3    -1,-0.2    -3,-0.3    -2,-0.2   0.922 112.3  42.4 -67.6 -43.7  -10.0    1.9   15.9               
   20   20 A I  H  < S+     0   0   95     -4,-2.4     3,-0.4     1,-0.2    -2,-0.2   0.936 114.4  50.9 -66.3 -46.1  -11.7   -0.3   13.4               
   21   21 A M  H  < S+     0   0  126     -4,-3.4     2,-0.5     1,-0.3    -2,-0.2   0.925 128.5  22.8 -55.3 -45.1  -12.8   -2.7   16.0               
   22   22 A N     <        0   0  126     -4,-2.8    -1,-0.3    -5,-0.2    -2,-0.1  -0.888 360.0 360.0-129.9 101.7  -14.2    0.2   18.0               
   23   23 A S              0   0  147     -2,-0.5    -3,-0.1    -3,-0.4    -4,-0.1  -0.806 360.0 360.0 -94.7 360.0  -15.0    3.3   16.0               
